Pig Stack Trace
---------------
ERROR 1000: <file MajorTask1_pigversion.pig, line 23, column 89> Out of bound access. Trying to access non-existent column: 12. Schema Weather_Original_table::date:datetime,Weather_Original_table::Precipitation_in_inches:float,Weather_Original_table::snowfall_in_inches:float,Weather_Original_table::minimum_temperature:int,Weather_Original_table::maximum_temperature:int,Bike_With_Age::trip_duration:int,Bike_With_Age::start_time:datetime,Bike_With_Age::start_station_id:int,Bike_With_Age::end_station_id:int,Bike_With_Age::bike_id:int,Bike_With_Age::gender:int,Bike_With_Age::rider_age_second:long has 12 column(s).

org.apache.pig.impl.logicalLayer.FrontendException: ERROR 1066: Unable to open iterator for alias Filtered_Joined_Weather_Bike
	at org.apache.pig.PigServer.openIterator(PigServer.java:1020)
	at org.apache.pig.tools.grunt.GruntParser.processDump(GruntParser.java:782)
	at org.apache.pig.tools.pigscript.parser.PigScriptParser.parse(PigScriptParser.java:383)
	at org.apache.pig.tools.grunt.GruntParser.parseStopOnError(GruntParser.java:230)
	at org.apache.pig.tools.grunt.GruntParser.parseStopOnError(GruntParser.java:205)
	at org.apache.pig.tools.grunt.Grunt.exec(Grunt.java:81)
	at org.apache.pig.Main.run(Main.java:630)
	at org.apache.pig.Main.main(Main.java:175)
Caused by: org.apache.pig.PigException: ERROR 1002: Unable to store alias Filtered_Joined_Weather_Bike
	at org.apache.pig.PigServer.storeEx(PigServer.java:1123)
	at org.apache.pig.PigServer.store(PigServer.java:1082)
	at org.apache.pig.PigServer.openIterator(PigServer.java:995)
	... 7 more
Caused by: org.apache.pig.impl.plan.PlanValidationException: ERROR 1000: <file MajorTask1_pigversion.pig, line 23, column 89> Out of bound access. Trying to access non-existent column: 12. Schema Weather_Original_table::date:datetime,Weather_Original_table::Precipitation_in_inches:float,Weather_Original_table::snowfall_in_inches:float,Weather_Original_table::minimum_temperature:int,Weather_Original_table::maximum_temperature:int,Bike_With_Age::trip_duration:int,Bike_With_Age::start_time:datetime,Bike_With_Age::start_station_id:int,Bike_With_Age::end_station_id:int,Bike_With_Age::bike_id:int,Bike_With_Age::gender:int,Bike_With_Age::rider_age_second:long has 12 column(s).
	at org.apache.pig.newplan.logical.expression.ProjectExpression.findColNum(ProjectExpression.java:200)
	at org.apache.pig.newplan.logical.expression.ProjectExpression.setColumnNumberFromAlias(ProjectExpression.java:174)
	at org.apache.pig.newplan.logical.visitor.ColumnAliasConversionVisitor$1.visit(ColumnAliasConversionVisitor.java:53)
	at org.apache.pig.newplan.logical.expression.ProjectExpression.accept(ProjectExpression.java:215)
	at org.apache.pig.newplan.DependencyOrderWalker.walk(DependencyOrderWalker.java:75)
	at org.apache.pig.newplan.PlanVisitor.visit(PlanVisitor.java:52)
	at org.apache.pig.newplan.logical.optimizer.AllExpressionVisitor.visit(AllExpressionVisitor.java:142)
	at org.apache.pig.newplan.logical.relational.LOInnerLoad.accept(LOInnerLoad.java:128)
	at org.apache.pig.newplan.DependencyOrderWalker.walk(DependencyOrderWalker.java:75)
	at org.apache.pig.newplan.logical.optimizer.AllExpressionVisitor.visit(AllExpressionVisitor.java:124)
	at org.apache.pig.newplan.logical.relational.LOForEach.accept(LOForEach.java:87)
	at org.apache.pig.newplan.DependencyOrderWalker.walk(DependencyOrderWalker.java:75)
	at org.apache.pig.newplan.PlanVisitor.visit(PlanVisitor.java:52)
	at org.apache.pig.newplan.logical.relational.LogicalPlan.validate(LogicalPlan.java:176)
	at org.apache.pig.PigServer$Graph.compile(PigServer.java:1852)
	at org.apache.pig.PigServer$Graph.access$300(PigServer.java:1528)
	at org.apache.pig.PigServer.storeEx(PigServer.java:1118)
	... 9 more
================================================================================
